18:19:24 **** Incremental Build of configuration Nios II for project mcfpga ****
make all 
Info: Building C:/Users/soudier/Desktop/mcfpga_bsp/
C:/intelFPGA/17.1/nios2eds/bin/gnu/H-x86_64-mingw32/bin/make --no-print-directory -C C:/Users/soudier/Desktop/mcfpga_bsp/
[BSP build complete]
Info: Compiling hello_world.c to obj/default/hello_world.o
nios2-elf-gcc -xc -MP -MMD -c -IC:/Users/soudier/Desktop/mcfpga_bsp//HAL/inc -IC:/Users/soudier/Desktop/mcfpga_bsp/ -IC:/Users/soudier/Desktop/mcfpga_bsp//drivers/inc  -pipe -D__hal__ -DALT_NO_INSTRUCTION_EMULATION -DSMALL_C_LIB -DALT_SINGLE_THREADED    -O0 -g -Wall   -mhw-div -mhw-mul -mhw-mulx -mgpopt=global  -o obj/default/hello_world.o hello_world.c
hello_world.c: In function 'main':
hello_world.c:26:9: warning: assignment makes pointer from integer without a cast [-Wint-conversion]
   sdram = ONCHIP_SRAM_BASE;
         ^
hello_world.c:27:11: warning: assignment makes pointer from integer without a cast [-Wint-conversion]
   gsensor = GSENSOR_8BIT_DATA_BASE;
           ^
hello_world.c:36:3: warning: implicit declaration of function 'usleep' [-Wimplicit-function-declaration]
   usleep(100*1000);
   ^
hello_world.c:28:7: warning: unused variable 'cnt' [-Wunused-variable]
   int cnt = 0;
       ^
Info: Linking mcfpga.elf
nios2-elf-g++  -T'C:/Users/soudier/Desktop/mcfpga_bsp//linker.x' -msys-crt0='C:/Users/soudier/Desktop/mcfpga_bsp//obj/HAL/src/crt0.o' -msys-lib=hal_bsp -LC:/Users/soudier/Desktop/mcfpga_bsp/  -msmallc  -Wl,-Map=mcfpga.map   -O0 -g -Wall   -mhw-div -mhw-mul -mhw-mulx -mgpopt=global  -o mcfpga.elf obj/default/hello_world.o -lm -msys-lib=m
nios2-elf-insert mcfpga.elf --thread_model hal --cpu_name Nios2 --qsys true --simulation_enabled false --id 0 --sidp 0xa0 --timestamp 1521732217 --stderr_dev JTAG_UART --stdin_dev JTAG_UART --stdout_dev JTAG_UART --sopc_system_name DE1_SoC_Gsensor_lite --quartus_project_dir "s:/MCFPGA/quartus/mc" --jdi S:/MCFPGA/quartus/mc//output_files/my_project.jdi --sopcinfo S:/MCFPGA/quartus/mc/DE1_SoC_Gsensor_lite.sopcinfo
Info: (mcfpga.elf) 15 KBytes program size (code + initialized data).
Info:              236 KBytes free for stack + heap.
Info: Creating mcfpga.objdump
nios2-elf-objdump --disassemble --syms --all-header --source mcfpga.elf >mcfpga.objdump
[mcfpga build complete]

18:19:26 Build Finished (took 1s.745ms)

