Timing Analyzer report for main
Tue Oct 27 11:53:57 2020
Quartus Prime Version 18.1.0 Build 625 09/12/2018 SJ Lite Edition


---------------------
; Table of Contents ;
---------------------
  1. Legal Notice
  2. Timing Analyzer Summary
  3. Parallel Compilation
  4. Clocks
  5. Slow 1100mV 85C Model Fmax Summary
  6. Timing Closure Recommendations
  7. Slow 1100mV 85C Model Setup Summary
  8. Slow 1100mV 85C Model Hold Summary
  9. Slow 1100mV 85C Model Recovery Summary
 10. Slow 1100mV 85C Model Removal Summary
 11. Slow 1100mV 85C Model Minimum Pulse Width Summary
 12. Slow 1100mV 85C Model Metastability Summary
 13. Slow 1100mV 0C Model Fmax Summary
 14. Slow 1100mV 0C Model Setup Summary
 15. Slow 1100mV 0C Model Hold Summary
 16. Slow 1100mV 0C Model Recovery Summary
 17. Slow 1100mV 0C Model Removal Summary
 18. Slow 1100mV 0C Model Minimum Pulse Width Summary
 19. Slow 1100mV 0C Model Metastability Summary
 20. Fast 1100mV 85C Model Setup Summary
 21. Fast 1100mV 85C Model Hold Summary
 22. Fast 1100mV 85C Model Recovery Summary
 23. Fast 1100mV 85C Model Removal Summary
 24. Fast 1100mV 85C Model Minimum Pulse Width Summary
 25. Fast 1100mV 85C Model Metastability Summary
 26. Fast 1100mV 0C Model Setup Summary
 27. Fast 1100mV 0C Model Hold Summary
 28. Fast 1100mV 0C Model Recovery Summary
 29. Fast 1100mV 0C Model Removal Summary
 30. Fast 1100mV 0C Model Minimum Pulse Width Summary
 31. Fast 1100mV 0C Model Metastability Summary
 32. Multicorner Timing Analysis Summary
 33. Board Trace Model Assignments
 34. Input Transition Times
 35. Signal Integrity Metrics (Slow 1100mv 0c Model)
 36. Signal Integrity Metrics (Slow 1100mv 85c Model)
 37. Signal Integrity Metrics (Fast 1100mv 0c Model)
 38. Signal Integrity Metrics (Fast 1100mv 85c Model)
 39. Setup Transfers
 40. Hold Transfers
 41. Recovery Transfers
 42. Removal Transfers
 43. Report TCCS
 44. Report RSKM
 45. Unconstrained Paths Summary
 46. Clock Status Summary
 47. Unconstrained Input Ports
 48. Unconstrained Output Ports
 49. Unconstrained Input Ports
 50. Unconstrained Output Ports
 51. Timing Analyzer Messages



----------------
; Legal Notice ;
----------------
Copyright (C) 2018  Intel Corporation. All rights reserved.
Your use of Intel Corporation's design tools, logic functions 
and other software and tools, and its AMPP partner logic 
functions, and any output files from any of the foregoing 
(including device programming or simulation files), and any 
associated documentation or information are expressly subject 
to the terms and conditions of the Intel Program License 
Subscription Agreement, the Intel Quartus Prime License Agreement,
the Intel FPGA IP License Agreement, or other applicable license
agreement, including, without limitation, that your use is for
the sole purpose of programming logic devices manufactured by
Intel and sold by Intel or its authorized distributors.  Please
refer to the applicable agreement for further details.



+-----------------------------------------------------------------------------+
; Timing Analyzer Summary                                                     ;
+-----------------------+-----------------------------------------------------+
; Quartus Prime Version ; Version 18.1.0 Build 625 09/12/2018 SJ Lite Edition ;
; Timing Analyzer       ; Legacy Timing Analyzer                              ;
; Revision Name         ; main                                                ;
; Device Family         ; Cyclone V                                           ;
; Device Name           ; 5CSEMA5F31C6                                        ;
; Timing Models         ; Final                                               ;
; Delay Model           ; Combined                                            ;
; Rise/Fall Delays      ; Enabled                                             ;
+-----------------------+-----------------------------------------------------+


+------------------------------------------+
; Parallel Compilation                     ;
+----------------------------+-------------+
; Processors                 ; Number      ;
+----------------------------+-------------+
; Number detected on machine ; 8           ;
; Maximum allowed            ; 4           ;
;                            ;             ;
; Average used               ; 1.26        ;
; Maximum used               ; 4           ;
;                            ;             ;
; Usage by Processor         ; % Time Used ;
;     Processor 1            ; 100.0%      ;
;     Processor 2            ;   8.7%      ;
;     Processor 3            ;   8.6%      ;
;     Processor 4            ;   8.5%      ;
+----------------------------+-------------+


+------------------------------------------------------------------------------------------------------------------------------------------------------------------------------------------------------------+
; Clocks                                                                                                                                                                                                     ;
+----------------------+------+--------+------------+-------+-------+------------+-----------+-------------+-------+--------+-----------+------------+----------+--------+--------+--------------------------+
; Clock Name           ; Type ; Period ; Frequency  ; Rise  ; Fall  ; Duty Cycle ; Divide by ; Multiply by ; Phase ; Offset ; Edge List ; Edge Shift ; Inverted ; Master ; Source ; Targets                  ;
+----------------------+------+--------+------------+-------+-------+------------+-----------+-------------+-------+--------+-----------+------------+----------+--------+--------+--------------------------+
; DIV:inst23|temp      ; Base ; 1.000  ; 1000.0 MHz ; 0.000 ; 0.500 ;            ;           ;             ;       ;        ;           ;            ;          ;        ;        ; { DIV:inst23|temp }      ;
; FREQ_DIV:inst24|temp ; Base ; 1.000  ; 1000.0 MHz ; 0.000 ; 0.500 ;            ;           ;             ;       ;        ;           ;            ;          ;        ;        ; { FREQ_DIV:inst24|temp } ;
; FREQ_DIV:inst26|temp ; Base ; 1.000  ; 1000.0 MHz ; 0.000 ; 0.500 ;            ;           ;             ;       ;        ;           ;            ;          ;        ;        ; { FREQ_DIV:inst26|temp } ;
; I2S:inst22|SIDx2     ; Base ; 1.000  ; 1000.0 MHz ; 0.000 ; 0.500 ;            ;           ;             ;       ;        ;           ;            ;          ;        ;        ; { I2S:inst22|SIDx2 }     ;
; MASTER_CLK           ; Base ; 1.000  ; 1000.0 MHz ; 0.000 ; 0.500 ;            ;           ;             ;       ;        ;           ;            ;          ;        ;        ; { MASTER_CLK }           ;
; MSC:inst21|St_CPT    ; Base ; 1.000  ; 1000.0 MHz ; 0.000 ; 0.500 ;            ;           ;             ;       ;        ;           ;            ;          ;        ;        ; { MSC:inst21|St_CPT }    ;
+----------------------+------+--------+------------+-------+-------+------------+-----------+-------------+-------+--------+-----------+------------+----------+--------+--------+--------------------------+


+------------------------------------------------------------+
; Slow 1100mV 85C Model Fmax Summary                         ;
+------------+-----------------+----------------------+------+
; Fmax       ; Restricted Fmax ; Clock Name           ; Note ;
+------------+-----------------+----------------------+------+
; 189.21 MHz ; 189.21 MHz      ; MASTER_CLK           ;      ;
; 192.12 MHz ; 192.12 MHz      ; DIV:inst23|temp      ;      ;
; 247.04 MHz ; 247.04 MHz      ; FREQ_DIV:inst26|temp ;      ;
; 298.6 MHz  ; 298.6 MHz       ; FREQ_DIV:inst24|temp ;      ;
; 331.56 MHz ; 331.56 MHz      ; I2S:inst22|SIDx2     ;      ;
+------------+-----------------+----------------------+------+
This panel reports FMAX for every clock in the design, regardless of the user-specified clock periods.  FMAX is only computed for paths where the source and destination registers or ports are driven by the same clock.  Paths of different clocks, including generated clocks, are ignored.  For paths between a clock and its inversion, FMAX is computed as if the rising and falling edges are scaled along with FMAX, such that the duty cycle (in terms of a percentage) is maintained. Altera recommends that you always use clock constraints and other slack reports for sign-off analysis.


----------------------------------
; Timing Closure Recommendations ;
----------------------------------
HTML report is unavailable in plain text report export.


+-----------------------------------------------+
; Slow 1100mV 85C Model Setup Summary           ;
+----------------------+--------+---------------+
; Clock                ; Slack  ; End Point TNS ;
+----------------------+--------+---------------+
; MASTER_CLK           ; -4.285 ; -206.408      ;
; DIV:inst23|temp      ; -4.205 ; -174.794      ;
; FREQ_DIV:inst24|temp ; -4.136 ; -44.144       ;
; FREQ_DIV:inst26|temp ; -3.649 ; -262.976      ;
; I2S:inst22|SIDx2     ; -2.016 ; -18.803       ;
+----------------------+--------+---------------+


+----------------------------------------------+
; Slow 1100mV 85C Model Hold Summary           ;
+----------------------+-------+---------------+
; Clock                ; Slack ; End Point TNS ;
+----------------------+-------+---------------+
; MASTER_CLK           ; 0.339 ; 0.000         ;
; I2S:inst22|SIDx2     ; 0.544 ; 0.000         ;
; DIV:inst23|temp      ; 0.624 ; 0.000         ;
; FREQ_DIV:inst26|temp ; 0.677 ; 0.000         ;
; FREQ_DIV:inst24|temp ; 0.761 ; 0.000         ;
+----------------------+-------+---------------+


+-----------------------------------------------+
; Slow 1100mV 85C Model Recovery Summary        ;
+----------------------+--------+---------------+
; Clock                ; Slack  ; End Point TNS ;
+----------------------+--------+---------------+
; FREQ_DIV:inst24|temp ; -3.539 ; -71.768       ;
; DIV:inst23|temp      ; -3.366 ; -132.300      ;
; I2S:inst22|SIDx2     ; -3.298 ; -32.813       ;
; FREQ_DIV:inst26|temp ; -3.288 ; -53.446       ;
; MASTER_CLK           ; -0.919 ; -59.205       ;
+----------------------+--------+---------------+


+----------------------------------------------+
; Slow 1100mV 85C Model Removal Summary        ;
+----------------------+-------+---------------+
; Clock                ; Slack ; End Point TNS ;
+----------------------+-------+---------------+
; MASTER_CLK           ; 0.737 ; 0.000         ;
; DIV:inst23|temp      ; 0.823 ; 0.000         ;
; FREQ_DIV:inst26|temp ; 2.410 ; 0.000         ;
; I2S:inst22|SIDx2     ; 2.823 ; 0.000         ;
; FREQ_DIV:inst24|temp ; 2.903 ; 0.000         ;
+----------------------+-------+---------------+


+---------------------------------------------------+
; Slow 1100mV 85C Model Minimum Pulse Width Summary ;
+----------------------+--------+-------------------+
; Clock                ; Slack  ; End Point TNS     ;
+----------------------+--------+-------------------+
; MASTER_CLK           ; -0.394 ; -49.511           ;
; FREQ_DIV:inst26|temp ; -0.394 ; -44.175           ;
; DIV:inst23|temp      ; -0.394 ; -29.871           ;
; FREQ_DIV:inst24|temp ; -0.394 ; -11.138           ;
; I2S:inst22|SIDx2     ; -0.394 ; -5.230            ;
; MSC:inst21|St_CPT    ; 0.441  ; 0.000             ;
+----------------------+--------+-------------------+


-----------------------------------------------
; Slow 1100mV 85C Model Metastability Summary ;
-----------------------------------------------
No synchronizer chains to report.


+------------------------------------------------------------+
; Slow 1100mV 0C Model Fmax Summary                          ;
+------------+-----------------+----------------------+------+
; Fmax       ; Restricted Fmax ; Clock Name           ; Note ;
+------------+-----------------+----------------------+------+
; 193.42 MHz ; 193.42 MHz      ; MASTER_CLK           ;      ;
; 194.93 MHz ; 194.93 MHz      ; DIV:inst23|temp      ;      ;
; 245.52 MHz ; 245.52 MHz      ; FREQ_DIV:inst26|temp ;      ;
; 299.76 MHz ; 299.76 MHz      ; FREQ_DIV:inst24|temp ;      ;
; 337.04 MHz ; 337.04 MHz      ; I2S:inst22|SIDx2     ;      ;
+------------+-----------------+----------------------+------+
This panel reports FMAX for every clock in the design, regardless of the user-specified clock periods.  FMAX is only computed for paths where the source and destination registers or ports are driven by the same clock.  Paths of different clocks, including generated clocks, are ignored.  For paths between a clock and its inversion, FMAX is computed as if the rising and falling edges are scaled along with FMAX, such that the duty cycle (in terms of a percentage) is maintained. Altera recommends that you always use clock constraints and other slack reports for sign-off analysis.


+-----------------------------------------------+
; Slow 1100mV 0C Model Setup Summary            ;
+----------------------+--------+---------------+
; Clock                ; Slack  ; End Point TNS ;
+----------------------+--------+---------------+
; FREQ_DIV:inst24|temp ; -4.265 ; -44.224       ;
; MASTER_CLK           ; -4.170 ; -198.790      ;
; DIV:inst23|temp      ; -4.130 ; -169.980      ;
; FREQ_DIV:inst26|temp ; -3.682 ; -263.782      ;
; I2S:inst22|SIDx2     ; -1.967 ; -18.848       ;
+----------------------+--------+---------------+


+-----------------------------------------------+
; Slow 1100mV 0C Model Hold Summary             ;
+----------------------+--------+---------------+
; Clock                ; Slack  ; End Point TNS ;
+----------------------+--------+---------------+
; MASTER_CLK           ; -0.009 ; -0.009        ;
; I2S:inst22|SIDx2     ; 0.526  ; 0.000         ;
; DIV:inst23|temp      ; 0.622  ; 0.000         ;
; FREQ_DIV:inst26|temp ; 0.677  ; 0.000         ;
; FREQ_DIV:inst24|temp ; 0.762  ; 0.000         ;
+----------------------+--------+---------------+


+-----------------------------------------------+
; Slow 1100mV 0C Model Recovery Summary         ;
+----------------------+--------+---------------+
; Clock                ; Slack  ; End Point TNS ;
+----------------------+--------+---------------+
; FREQ_DIV:inst24|temp ; -3.598 ; -73.316       ;
; DIV:inst23|temp      ; -3.464 ; -134.273      ;
; I2S:inst22|SIDx2     ; -3.412 ; -33.984       ;
; FREQ_DIV:inst26|temp ; -3.375 ; -55.067       ;
; MASTER_CLK           ; -0.830 ; -52.814       ;
+----------------------+--------+---------------+


+----------------------------------------------+
; Slow 1100mV 0C Model Removal Summary         ;
+----------------------+-------+---------------+
; Clock                ; Slack ; End Point TNS ;
+----------------------+-------+---------------+
; MASTER_CLK           ; 0.685 ; 0.000         ;
; DIV:inst23|temp      ; 0.774 ; 0.000         ;
; FREQ_DIV:inst26|temp ; 2.515 ; 0.000         ;
; I2S:inst22|SIDx2     ; 2.918 ; 0.000         ;
; FREQ_DIV:inst24|temp ; 3.029 ; 0.000         ;
+----------------------+-------+---------------+


+--------------------------------------------------+
; Slow 1100mV 0C Model Minimum Pulse Width Summary ;
+----------------------+--------+------------------+
; Clock                ; Slack  ; End Point TNS    ;
+----------------------+--------+------------------+
; MASTER_CLK           ; -0.394 ; -54.577          ;
; FREQ_DIV:inst26|temp ; -0.394 ; -44.868          ;
; DIV:inst23|temp      ; -0.394 ; -29.116          ;
; FREQ_DIV:inst24|temp ; -0.394 ; -10.951          ;
; I2S:inst22|SIDx2     ; -0.394 ; -5.149           ;
; MSC:inst21|St_CPT    ; 0.415  ; 0.000            ;
+----------------------+--------+------------------+


----------------------------------------------
; Slow 1100mV 0C Model Metastability Summary ;
----------------------------------------------
No synchronizer chains to report.


+-----------------------------------------------+
; Fast 1100mV 85C Model Setup Summary           ;
+----------------------+--------+---------------+
; Clock                ; Slack  ; End Point TNS ;
+----------------------+--------+---------------+
; MASTER_CLK           ; -2.447 ; -93.283       ;
; DIV:inst23|temp      ; -2.231 ; -97.599       ;
; FREQ_DIV:inst24|temp ; -1.994 ; -20.266       ;
; FREQ_DIV:inst26|temp ; -1.756 ; -123.845      ;
; I2S:inst22|SIDx2     ; -0.923 ; -7.556        ;
+----------------------+--------+---------------+


+----------------------------------------------+
; Fast 1100mV 85C Model Hold Summary           ;
+----------------------+-------+---------------+
; Clock                ; Slack ; End Point TNS ;
+----------------------+-------+---------------+
; MASTER_CLK           ; 0.182 ; 0.000         ;
; I2S:inst22|SIDx2     ; 0.247 ; 0.000         ;
; DIV:inst23|temp      ; 0.341 ; 0.000         ;
; FREQ_DIV:inst26|temp ; 0.348 ; 0.000         ;
; FREQ_DIV:inst24|temp ; 0.379 ; 0.000         ;
+----------------------+-------+---------------+


+-----------------------------------------------+
; Fast 1100mV 85C Model Recovery Summary        ;
+----------------------+--------+---------------+
; Clock                ; Slack  ; End Point TNS ;
+----------------------+--------+---------------+
; FREQ_DIV:inst24|temp ; -1.738 ; -34.584       ;
; DIV:inst23|temp      ; -1.698 ; -71.994       ;
; FREQ_DIV:inst26|temp ; -1.560 ; -24.802       ;
; I2S:inst22|SIDx2     ; -1.500 ; -14.947       ;
; MASTER_CLK           ; -0.230 ; -8.114        ;
+----------------------+--------+---------------+


+----------------------------------------------+
; Fast 1100mV 85C Model Removal Summary        ;
+----------------------+-------+---------------+
; Clock                ; Slack ; End Point TNS ;
+----------------------+-------+---------------+
; MASTER_CLK           ; 0.396 ; 0.000         ;
; DIV:inst23|temp      ; 0.497 ; 0.000         ;
; FREQ_DIV:inst26|temp ; 1.244 ; 0.000         ;
; I2S:inst22|SIDx2     ; 1.422 ; 0.000         ;
; FREQ_DIV:inst24|temp ; 1.511 ; 0.000         ;
+----------------------+-------+---------------+


+---------------------------------------------------+
; Fast 1100mV 85C Model Minimum Pulse Width Summary ;
+----------------------+--------+-------------------+
; Clock                ; Slack  ; End Point TNS     ;
+----------------------+--------+-------------------+
; MASTER_CLK           ; -0.085 ; -7.367            ;
; DIV:inst23|temp      ; -0.065 ; -1.002            ;
; FREQ_DIV:inst26|temp ; 0.047  ; 0.000             ;
; FREQ_DIV:inst24|temp ; 0.073  ; 0.000             ;
; I2S:inst22|SIDx2     ; 0.139  ; 0.000             ;
; MSC:inst21|St_CPT    ; 0.447  ; 0.000             ;
+----------------------+--------+-------------------+


-----------------------------------------------
; Fast 1100mV 85C Model Metastability Summary ;
-----------------------------------------------
No synchronizer chains to report.


+-----------------------------------------------+
; Fast 1100mV 0C Model Setup Summary            ;
+----------------------+--------+---------------+
; Clock                ; Slack  ; End Point TNS ;
+----------------------+--------+---------------+
; MASTER_CLK           ; -2.024 ; -74.714       ;
; DIV:inst23|temp      ; -1.958 ; -84.358       ;
; FREQ_DIV:inst24|temp ; -1.919 ; -17.898       ;
; FREQ_DIV:inst26|temp ; -1.665 ; -116.575      ;
; I2S:inst22|SIDx2     ; -0.843 ; -6.770        ;
+----------------------+--------+---------------+


+-----------------------------------------------+
; Fast 1100mV 0C Model Hold Summary             ;
+----------------------+--------+---------------+
; Clock                ; Slack  ; End Point TNS ;
+----------------------+--------+---------------+
; MASTER_CLK           ; -0.008 ; -0.008        ;
; I2S:inst22|SIDx2     ; 0.217  ; 0.000         ;
; FREQ_DIV:inst26|temp ; 0.313  ; 0.000         ;
; DIV:inst23|temp      ; 0.317  ; 0.000         ;
; FREQ_DIV:inst24|temp ; 0.346  ; 0.000         ;
+----------------------+--------+---------------+


+-----------------------------------------------+
; Fast 1100mV 0C Model Recovery Summary         ;
+----------------------+--------+---------------+
; Clock                ; Slack  ; End Point TNS ;
+----------------------+--------+---------------+
; FREQ_DIV:inst24|temp ; -1.647 ; -33.048       ;
; DIV:inst23|temp      ; -1.619 ; -66.442       ;
; FREQ_DIV:inst26|temp ; -1.494 ; -23.959       ;
; I2S:inst22|SIDx2     ; -1.475 ; -14.702       ;
; MASTER_CLK           ; -0.103 ; -1.973        ;
+----------------------+--------+---------------+


+----------------------------------------------+
; Fast 1100mV 0C Model Removal Summary         ;
+----------------------+-------+---------------+
; Clock                ; Slack ; End Point TNS ;
+----------------------+-------+---------------+
; MASTER_CLK           ; 0.357 ; 0.000         ;
; DIV:inst23|temp      ; 0.399 ; 0.000         ;
; FREQ_DIV:inst26|temp ; 1.245 ; 0.000         ;
; I2S:inst22|SIDx2     ; 1.404 ; 0.000         ;
; FREQ_DIV:inst24|temp ; 1.501 ; 0.000         ;
+----------------------+-------+---------------+


+--------------------------------------------------+
; Fast 1100mV 0C Model Minimum Pulse Width Summary ;
+----------------------+--------+------------------+
; Clock                ; Slack  ; End Point TNS    ;
+----------------------+--------+------------------+
; MASTER_CLK           ; -0.086 ; -7.617           ;
; DIV:inst23|temp      ; -0.009 ; -0.024           ;
; FREQ_DIV:inst26|temp ; 0.067  ; 0.000            ;
; FREQ_DIV:inst24|temp ; 0.099  ; 0.000            ;
; I2S:inst22|SIDx2     ; 0.148  ; 0.000            ;
; MSC:inst21|St_CPT    ; 0.455  ; 0.000            ;
+----------------------+--------+------------------+


----------------------------------------------
; Fast 1100mV 0C Model Metastability Summary ;
----------------------------------------------
No synchronizer chains to report.


+--------------------------------------------------------------------------------------+
; Multicorner Timing Analysis Summary                                                  ;
+-----------------------+----------+--------+----------+---------+---------------------+
; Clock                 ; Setup    ; Hold   ; Recovery ; Removal ; Minimum Pulse Width ;
+-----------------------+----------+--------+----------+---------+---------------------+
; Worst-case Slack      ; -4.285   ; -0.009 ; -3.598   ; 0.357   ; -0.394              ;
;  DIV:inst23|temp      ; -4.205   ; 0.317  ; -3.464   ; 0.399   ; -0.394              ;
;  FREQ_DIV:inst24|temp ; -4.265   ; 0.346  ; -3.598   ; 1.501   ; -0.394              ;
;  FREQ_DIV:inst26|temp ; -3.682   ; 0.313  ; -3.375   ; 1.244   ; -0.394              ;
;  I2S:inst22|SIDx2     ; -2.016   ; 0.217  ; -3.412   ; 1.404   ; -0.394              ;
;  MASTER_CLK           ; -4.285   ; -0.009 ; -0.919   ; 0.357   ; -0.394              ;
;  MSC:inst21|St_CPT    ; N/A      ; N/A    ; N/A      ; N/A     ; 0.415               ;
; Design-wide TNS       ; -707.125 ; -0.009 ; -349.532 ; 0.0     ; -144.661            ;
;  DIV:inst23|temp      ; -174.794 ; 0.000  ; -134.273 ; 0.000   ; -29.871             ;
;  FREQ_DIV:inst24|temp ; -44.224  ; 0.000  ; -73.316  ; 0.000   ; -11.138             ;
;  FREQ_DIV:inst26|temp ; -263.782 ; 0.000  ; -55.067  ; 0.000   ; -44.868             ;
;  I2S:inst22|SIDx2     ; -18.848  ; 0.000  ; -33.984  ; 0.000   ; -5.230              ;
;  MASTER_CLK           ; -206.408 ; -0.009 ; -59.205  ; 0.000   ; -54.577             ;
;  MSC:inst21|St_CPT    ; N/A      ; N/A    ; N/A      ; N/A     ; 0.000               ;
+-----------------------+----------+--------+----------+---------+---------------------+


+----------------------------------------------------------------------------------------------------------------------------------------------------------------------------------------------------------------------------------------------------------------------------------------------------------------------------------------------------------------------------------------------------------------+
; Board Trace Model Assignments                                                                                                                                                                                                                                                                                                                                                                                  ;
+-------------+--------------+-------------------+-------------------------+-------------------------+---------------+---------------------+----------------+------------------+--------+------------------+------------------------+------------------------+--------------+---------------+-----------------+-------+---------------------+--------------------+---------------+-----------------+-------------+
; Pin         ; I/O Standard ; Near Tline Length ; Near Tline L per Length ; Near Tline C per Length ; Near Series R ; Near Differential R ; Near Pull-up R ; Near Pull-down R ; Near C ; Far Tline Length ; Far Tline L per Length ; Far Tline C per Length ; Far Series R ; Far Pull-up R ; Far Pull-down R ; Far C ; Termination Voltage ; Far Differential R ; EBD File Name ; EBD Signal Name ; EBD Far-end ;
+-------------+--------------+-------------------+-------------------------+-------------------------+---------------+---------------------+----------------+------------------+--------+------------------+------------------------+------------------------+--------------+---------------+-----------------+-------+---------------------+--------------------+---------------+-----------------+-------------+
; I2C_SDAT    ; 2.5 V        ; 0 in              ; 0 H/in                  ; 0 F/in                  ; short         ; -                   ; open           ; open             ; open   ; 0 in             ; 0 H/in                 ; 0 F/in                 ; short        ; open          ; open            ; open  ; 0 V                 ; -                  ; n/a           ; n/a             ; n/a         ;
; I2C_SCLK    ; 2.5 V        ; 0 in              ; 0 H/in                  ; 0 F/in                  ; short         ; -                   ; open           ; open             ; open   ; 0 in             ; 0 H/in                 ; 0 F/in                 ; short        ; open          ; open            ; open  ; 0 V                 ; -                  ; n/a           ; n/a             ; n/a         ;
; AUD_DACDAT  ; 2.5 V        ; 0 in              ; 0 H/in                  ; 0 F/in                  ; short         ; -                   ; open           ; open             ; open   ; 0 in             ; 0 H/in                 ; 0 F/in                 ; short        ; open          ; open            ; open  ; 0 V                 ; -                  ; n/a           ; n/a             ; n/a         ;
; AUD_DACLRCK ; 2.5 V        ; 0 in              ; 0 H/in                  ; 0 F/in                  ; short         ; -                   ; open           ; open             ; open   ; 0 in             ; 0 H/in                 ; 0 F/in                 ; short        ; open          ; open            ; open  ; 0 V                 ; -                  ; n/a           ; n/a             ; n/a         ;
; AUD_XCK     ; 2.5 V        ; 0 in              ; 0 H/in                  ; 0 F/in                  ; short         ; -                   ; open           ; open             ; open   ; 0 in             ; 0 H/in                 ; 0 F/in                 ; short        ; open          ; open            ; open  ; 0 V                 ; -                  ; n/a           ; n/a             ; n/a         ;
; LED_BLINK   ; 2.5 V        ; 0 in              ; 0 H/in                  ; 0 F/in                  ; short         ; -                   ; open           ; open             ; open   ; 0 in             ; 0 H/in                 ; 0 F/in                 ; short        ; open          ; open            ; open  ; 0 V                 ; -                  ; n/a           ; n/a             ; n/a         ;
; LED_R       ; 2.5 V        ; 0 in              ; 0 H/in                  ; 0 F/in                  ; short         ; -                   ; open           ; open             ; open   ; 0 in             ; 0 H/in                 ; 0 F/in                 ; short        ; open          ; open            ; open  ; 0 V                 ; -                  ; n/a           ; n/a             ; n/a         ;
+-------------+--------------+-------------------+-------------------------+-------------------------+---------------+---------------------+----------------+------------------+--------+------------------+------------------------+------------------------+--------------+---------------+-----------------+-------+---------------------+--------------------+---------------+-----------------+-------------+


+---------------------------------------------------------------+
; Input Transition Times                                        ;
+------------+--------------+-----------------+-----------------+
; Pin        ; I/O Standard ; 10-90 Rise Time ; 90-10 Fall Time ;
+------------+--------------+-----------------+-----------------+
; MASTER_CLK ; 2.5 V        ; 2000 ps         ; 2000 ps         ;
; MASTER_R   ; 2.5 V        ; 2000 ps         ; 2000 ps         ;
; SEL1       ; 2.5 V        ; 2000 ps         ; 2000 ps         ;
; SEL0       ; 2.5 V        ; 2000 ps         ; 2000 ps         ;
+------------+--------------+-----------------+-----------------+


+------------------------------------------------------------------------------------------------------------------------------------------------------------------------------------------------------------------------------------------------------------------------------------------------------------------------------------------------------------------------------------------------------------------------------------------------------------------------------------------------------------------------------------------------------------------------------------------------------------------------------------------------------------------------------------------+
; Signal Integrity Metrics (Slow 1100mv 0c Model)                                                                                                                                                                                                                                                                                                                                                                                                                                                                                                                                                                                                                                          ;
+-------------+--------------+---------------------+---------------------+------------------------------+------------------------------+---------------------+---------------------+--------------------------------------+--------------------------------------+-----------------------------+-----------------------------+----------------------------+----------------------------+-----------------------------+-----------------------------+--------------------+--------------------+-------------------------------------+-------------------------------------+----------------------------+----------------------------+---------------------------+---------------------------+
; Pin         ; I/O Standard ; Board Delay on Rise ; Board Delay on Fall ; Steady State Voh at FPGA Pin ; Steady State Vol at FPGA Pin ; Voh Max at FPGA Pin ; Vol Min at FPGA Pin ; Ringback Voltage on Rise at FPGA Pin ; Ringback Voltage on Fall at FPGA Pin ; 10-90 Rise Time at FPGA Pin ; 90-10 Fall Time at FPGA Pin ; Monotonic Rise at FPGA Pin ; Monotonic Fall at FPGA Pin ; Steady State Voh at Far-end ; Steady State Vol at Far-end ; Voh Max at Far-end ; Vol Min at Far-end ; Ringback Voltage on Rise at Far-end ; Ringback Voltage on Fall at Far-end ; 10-90 Rise Time at Far-end ; 90-10 Fall Time at Far-end ; Monotonic Rise at Far-end ; Monotonic Fall at Far-end ;
+-------------+--------------+---------------------+---------------------+------------------------------+------------------------------+---------------------+---------------------+--------------------------------------+--------------------------------------+-----------------------------+-----------------------------+----------------------------+----------------------------+-----------------------------+-----------------------------+--------------------+--------------------+-------------------------------------+-------------------------------------+----------------------------+----------------------------+---------------------------+---------------------------+
; I2C_SDAT    ; 2.5 V        ; 0 s                 ; 0 s                 ; 2.32 V                       ; 3.6e-07 V                    ; 2.41 V              ; -0.0463 V           ; 0.201 V                              ; 0.131 V                              ; 4.61e-10 s                  ; 4.53e-10 s                  ; No                         ; Yes                        ; 2.32 V                      ; 3.6e-07 V                   ; 2.41 V             ; -0.0463 V          ; 0.201 V                             ; 0.131 V                             ; 4.61e-10 s                 ; 4.53e-10 s                 ; No                        ; Yes                       ;
; I2C_SCLK    ; 2.5 V        ; 0 s                 ; 0 s                 ; 2.32 V                       ; 3.07e-07 V                   ; 2.36 V              ; -0.0231 V           ; 0.14 V                               ; 0.089 V                              ; 4.52e-10 s                  ; 4.35e-10 s                  ; No                         ; Yes                        ; 2.32 V                      ; 3.07e-07 V                  ; 2.36 V             ; -0.0231 V          ; 0.14 V                              ; 0.089 V                             ; 4.52e-10 s                 ; 4.35e-10 s                 ; No                        ; Yes                       ;
; AUD_DACDAT  ; 2.5 V        ; 0 s                 ; 0 s                 ; 2.32 V                       ; 3.6e-07 V                    ; 2.41 V              ; -0.0463 V           ; 0.201 V                              ; 0.131 V                              ; 4.61e-10 s                  ; 4.53e-10 s                  ; No                         ; Yes                        ; 2.32 V                      ; 3.6e-07 V                   ; 2.41 V             ; -0.0463 V          ; 0.201 V                             ; 0.131 V                             ; 4.61e-10 s                 ; 4.53e-10 s                 ; No                        ; Yes                       ;
; AUD_DACLRCK ; 2.5 V        ; 0 s                 ; 0 s                 ; 2.32 V                       ; 3.6e-07 V                    ; 2.41 V              ; -0.0463 V           ; 0.201 V                              ; 0.131 V                              ; 4.61e-10 s                  ; 4.53e-10 s                  ; No                         ; Yes                        ; 2.32 V                      ; 3.6e-07 V                   ; 2.41 V             ; -0.0463 V          ; 0.201 V                             ; 0.131 V                             ; 4.61e-10 s                 ; 4.53e-10 s                 ; No                        ; Yes                       ;
; AUD_XCK     ; 2.5 V        ; 0 s                 ; 0 s                 ; 2.32 V                       ; 3.52e-07 V                   ; 2.42 V              ; -0.0568 V           ; 0.173 V                              ; 0.113 V                              ; 4.5e-10 s                   ; 4.35e-10 s                  ; No                         ; No                         ; 2.32 V                      ; 3.52e-07 V                  ; 2.42 V             ; -0.0568 V          ; 0.173 V                             ; 0.113 V                             ; 4.5e-10 s                  ; 4.35e-10 s                 ; No                        ; No                        ;
; LED_BLINK   ; 2.5 V        ; 0 s                 ; 0 s                 ; 2.32 V                       ; 3.6e-07 V                    ; 2.41 V              ; -0.0463 V           ; 0.201 V                              ; 0.131 V                              ; 4.61e-10 s                  ; 4.53e-10 s                  ; No                         ; Yes                        ; 2.32 V                      ; 3.6e-07 V                   ; 2.41 V             ; -0.0463 V          ; 0.201 V                             ; 0.131 V                             ; 4.61e-10 s                 ; 4.53e-10 s                 ; No                        ; Yes                       ;
; LED_R       ; 2.5 V        ; 0 s                 ; 0 s                 ; 2.32 V                       ; 3.07e-07 V                   ; 2.36 V              ; -0.0231 V           ; 0.14 V                               ; 0.089 V                              ; 4.52e-10 s                  ; 4.35e-10 s                  ; No                         ; Yes                        ; 2.32 V                      ; 3.07e-07 V                  ; 2.36 V             ; -0.0231 V          ; 0.14 V                              ; 0.089 V                             ; 4.52e-10 s                 ; 4.35e-10 s                 ; No                        ; Yes                       ;
+-------------+--------------+---------------------+---------------------+------------------------------+------------------------------+---------------------+---------------------+--------------------------------------+--------------------------------------+-----------------------------+-----------------------------+----------------------------+----------------------------+-----------------------------+-----------------------------+--------------------+--------------------+-------------------------------------+-------------------------------------+----------------------------+----------------------------+---------------------------+---------------------------+


+------------------------------------------------------------------------------------------------------------------------------------------------------------------------------------------------------------------------------------------------------------------------------------------------------------------------------------------------------------------------------------------------------------------------------------------------------------------------------------------------------------------------------------------------------------------------------------------------------------------------------------------------------------------------------------------+
; Signal Integrity Metrics (Slow 1100mv 85c Model)                                                                                                                                                                                                                                                                                                                                                                                                                                                                                                                                                                                                                                         ;
+-------------+--------------+---------------------+---------------------+------------------------------+------------------------------+---------------------+---------------------+--------------------------------------+--------------------------------------+-----------------------------+-----------------------------+----------------------------+----------------------------+-----------------------------+-----------------------------+--------------------+--------------------+-------------------------------------+-------------------------------------+----------------------------+----------------------------+---------------------------+---------------------------+
; Pin         ; I/O Standard ; Board Delay on Rise ; Board Delay on Fall ; Steady State Voh at FPGA Pin ; Steady State Vol at FPGA Pin ; Voh Max at FPGA Pin ; Vol Min at FPGA Pin ; Ringback Voltage on Rise at FPGA Pin ; Ringback Voltage on Fall at FPGA Pin ; 10-90 Rise Time at FPGA Pin ; 90-10 Fall Time at FPGA Pin ; Monotonic Rise at FPGA Pin ; Monotonic Fall at FPGA Pin ; Steady State Voh at Far-end ; Steady State Vol at Far-end ; Voh Max at Far-end ; Vol Min at Far-end ; Ringback Voltage on Rise at Far-end ; Ringback Voltage on Fall at Far-end ; 10-90 Rise Time at Far-end ; 90-10 Fall Time at Far-end ; Monotonic Rise at Far-end ; Monotonic Fall at Far-end ;
+-------------+--------------+---------------------+---------------------+------------------------------+------------------------------+---------------------+---------------------+--------------------------------------+--------------------------------------+-----------------------------+-----------------------------+----------------------------+----------------------------+-----------------------------+-----------------------------+--------------------+--------------------+-------------------------------------+-------------------------------------+----------------------------+----------------------------+---------------------------+---------------------------+
; I2C_SDAT    ; 2.5 V        ; 0 s                 ; 0 s                 ; 2.32 V                       ; 3.96e-05 V                   ; 2.38 V              ; -0.0306 V           ; 0.23 V                               ; 0.206 V                              ; 4.83e-10 s                  ; 5.01e-10 s                  ; No                         ; Yes                        ; 2.32 V                      ; 3.96e-05 V                  ; 2.38 V             ; -0.0306 V          ; 0.23 V                              ; 0.206 V                             ; 4.83e-10 s                 ; 5.01e-10 s                 ; No                        ; Yes                       ;
; I2C_SCLK    ; 2.5 V        ; 0 s                 ; 0 s                 ; 2.32 V                       ; 3.49e-05 V                   ; 2.34 V              ; -0.0118 V           ; 0.182 V                              ; 0.051 V                              ; 4.81e-10 s                  ; 4.83e-10 s                  ; Yes                        ; Yes                        ; 2.32 V                      ; 3.49e-05 V                  ; 2.34 V             ; -0.0118 V          ; 0.182 V                             ; 0.051 V                             ; 4.81e-10 s                 ; 4.83e-10 s                 ; Yes                       ; Yes                       ;
; AUD_DACDAT  ; 2.5 V        ; 0 s                 ; 0 s                 ; 2.32 V                       ; 3.96e-05 V                   ; 2.38 V              ; -0.0306 V           ; 0.23 V                               ; 0.206 V                              ; 4.83e-10 s                  ; 5.01e-10 s                  ; No                         ; Yes                        ; 2.32 V                      ; 3.96e-05 V                  ; 2.38 V             ; -0.0306 V          ; 0.23 V                              ; 0.206 V                             ; 4.83e-10 s                 ; 5.01e-10 s                 ; No                        ; Yes                       ;
; AUD_DACLRCK ; 2.5 V        ; 0 s                 ; 0 s                 ; 2.32 V                       ; 3.96e-05 V                   ; 2.38 V              ; -0.0306 V           ; 0.23 V                               ; 0.206 V                              ; 4.83e-10 s                  ; 5.01e-10 s                  ; No                         ; Yes                        ; 2.32 V                      ; 3.96e-05 V                  ; 2.38 V             ; -0.0306 V          ; 0.23 V                              ; 0.206 V                             ; 4.83e-10 s                 ; 5.01e-10 s                 ; No                        ; Yes                       ;
; AUD_XCK     ; 2.5 V        ; 0 s                 ; 0 s                 ; 2.32 V                       ; 3.88e-05 V                   ; 2.39 V              ; -0.0374 V           ; 0.189 V                              ; 0.158 V                              ; 4.66e-10 s                  ; 4.67e-10 s                  ; No                         ; Yes                        ; 2.32 V                      ; 3.88e-05 V                  ; 2.39 V             ; -0.0374 V          ; 0.189 V                             ; 0.158 V                             ; 4.66e-10 s                 ; 4.67e-10 s                 ; No                        ; Yes                       ;
; LED_BLINK   ; 2.5 V        ; 0 s                 ; 0 s                 ; 2.32 V                       ; 3.96e-05 V                   ; 2.38 V              ; -0.0306 V           ; 0.23 V                               ; 0.206 V                              ; 4.83e-10 s                  ; 5.01e-10 s                  ; No                         ; Yes                        ; 2.32 V                      ; 3.96e-05 V                  ; 2.38 V             ; -0.0306 V          ; 0.23 V                              ; 0.206 V                             ; 4.83e-10 s                 ; 5.01e-10 s                 ; No                        ; Yes                       ;
; LED_R       ; 2.5 V        ; 0 s                 ; 0 s                 ; 2.32 V                       ; 3.49e-05 V                   ; 2.34 V              ; -0.0118 V           ; 0.182 V                              ; 0.051 V                              ; 4.81e-10 s                  ; 4.83e-10 s                  ; Yes                        ; Yes                        ; 2.32 V                      ; 3.49e-05 V                  ; 2.34 V             ; -0.0118 V          ; 0.182 V                             ; 0.051 V                             ; 4.81e-10 s                 ; 4.83e-10 s                 ; Yes                       ; Yes                       ;
+-------------+--------------+---------------------+---------------------+------------------------------+------------------------------+---------------------+---------------------+--------------------------------------+--------------------------------------+-----------------------------+-----------------------------+----------------------------+----------------------------+-----------------------------+-----------------------------+--------------------+--------------------+-------------------------------------+-------------------------------------+----------------------------+----------------------------+---------------------------+---------------------------+


+------------------------------------------------------------------------------------------------------------------------------------------------------------------------------------------------------------------------------------------------------------------------------------------------------------------------------------------------------------------------------------------------------------------------------------------------------------------------------------------------------------------------------------------------------------------------------------------------------------------------------------------------------------------------------------------+
; Signal Integrity Metrics (Fast 1100mv 0c Model)                                                                                                                                                                                                                                                                                                                                                                                                                                                                                                                                                                                                                                          ;
+-------------+--------------+---------------------+---------------------+------------------------------+------------------------------+---------------------+---------------------+--------------------------------------+--------------------------------------+-----------------------------+-----------------------------+----------------------------+----------------------------+-----------------------------+-----------------------------+--------------------+--------------------+-------------------------------------+-------------------------------------+----------------------------+----------------------------+---------------------------+---------------------------+
; Pin         ; I/O Standard ; Board Delay on Rise ; Board Delay on Fall ; Steady State Voh at FPGA Pin ; Steady State Vol at FPGA Pin ; Voh Max at FPGA Pin ; Vol Min at FPGA Pin ; Ringback Voltage on Rise at FPGA Pin ; Ringback Voltage on Fall at FPGA Pin ; 10-90 Rise Time at FPGA Pin ; 90-10 Fall Time at FPGA Pin ; Monotonic Rise at FPGA Pin ; Monotonic Fall at FPGA Pin ; Steady State Voh at Far-end ; Steady State Vol at Far-end ; Voh Max at Far-end ; Vol Min at Far-end ; Ringback Voltage on Rise at Far-end ; Ringback Voltage on Fall at Far-end ; 10-90 Rise Time at Far-end ; 90-10 Fall Time at Far-end ; Monotonic Rise at Far-end ; Monotonic Fall at Far-end ;
+-------------+--------------+---------------------+---------------------+------------------------------+------------------------------+---------------------+---------------------+--------------------------------------+--------------------------------------+-----------------------------+-----------------------------+----------------------------+----------------------------+-----------------------------+-----------------------------+--------------------+--------------------+-------------------------------------+-------------------------------------+----------------------------+----------------------------+---------------------------+---------------------------+
; I2C_SDAT    ; 2.5 V        ; 0 s                 ; 0 s                 ; 2.75 V                       ; 4.25e-06 V                   ; 2.9 V               ; -0.107 V            ; 0.378 V                              ; 0.16 V                               ; 2.87e-10 s                  ; 4.28e-10 s                  ; No                         ; No                         ; 2.75 V                      ; 4.25e-06 V                  ; 2.9 V              ; -0.107 V           ; 0.378 V                             ; 0.16 V                              ; 2.87e-10 s                 ; 4.28e-10 s                 ; No                        ; No                        ;
; I2C_SCLK    ; 2.5 V        ; 0 s                 ; 0 s                 ; 2.75 V                       ; 3.54e-06 V                   ; 2.81 V              ; -0.0578 V           ; 0.303 V                              ; 0.28 V                               ; 2.93e-10 s                  ; 3.01e-10 s                  ; No                         ; No                         ; 2.75 V                      ; 3.54e-06 V                  ; 2.81 V             ; -0.0578 V          ; 0.303 V                             ; 0.28 V                              ; 2.93e-10 s                 ; 3.01e-10 s                 ; No                        ; No                        ;
; AUD_DACDAT  ; 2.5 V        ; 0 s                 ; 0 s                 ; 2.75 V                       ; 4.25e-06 V                   ; 2.9 V               ; -0.107 V            ; 0.378 V                              ; 0.16 V                               ; 2.87e-10 s                  ; 4.28e-10 s                  ; No                         ; No                         ; 2.75 V                      ; 4.25e-06 V                  ; 2.9 V              ; -0.107 V           ; 0.378 V                             ; 0.16 V                              ; 2.87e-10 s                 ; 4.28e-10 s                 ; No                        ; No                        ;
; AUD_DACLRCK ; 2.5 V        ; 0 s                 ; 0 s                 ; 2.75 V                       ; 4.25e-06 V                   ; 2.9 V               ; -0.107 V            ; 0.378 V                              ; 0.16 V                               ; 2.87e-10 s                  ; 4.28e-10 s                  ; No                         ; No                         ; 2.75 V                      ; 4.25e-06 V                  ; 2.9 V              ; -0.107 V           ; 0.378 V                             ; 0.16 V                              ; 2.87e-10 s                 ; 4.28e-10 s                 ; No                        ; No                        ;
; AUD_XCK     ; 2.5 V        ; 0 s                 ; 0 s                 ; 2.75 V                       ; 4.14e-06 V                   ; 2.91 V              ; -0.119 V            ; 0.326 V                              ; 0.298 V                              ; 2.74e-10 s                  ; 2.8e-10 s                   ; No                         ; No                         ; 2.75 V                      ; 4.14e-06 V                  ; 2.91 V             ; -0.119 V           ; 0.326 V                             ; 0.298 V                             ; 2.74e-10 s                 ; 2.8e-10 s                  ; No                        ; No                        ;
; LED_BLINK   ; 2.5 V        ; 0 s                 ; 0 s                 ; 2.75 V                       ; 4.25e-06 V                   ; 2.9 V               ; -0.107 V            ; 0.378 V                              ; 0.16 V                               ; 2.87e-10 s                  ; 4.28e-10 s                  ; No                         ; No                         ; 2.75 V                      ; 4.25e-06 V                  ; 2.9 V              ; -0.107 V           ; 0.378 V                             ; 0.16 V                              ; 2.87e-10 s                 ; 4.28e-10 s                 ; No                        ; No                        ;
; LED_R       ; 2.5 V        ; 0 s                 ; 0 s                 ; 2.75 V                       ; 3.54e-06 V                   ; 2.81 V              ; -0.0578 V           ; 0.303 V                              ; 0.28 V                               ; 2.93e-10 s                  ; 3.01e-10 s                  ; No                         ; No                         ; 2.75 V                      ; 3.54e-06 V                  ; 2.81 V             ; -0.0578 V          ; 0.303 V                             ; 0.28 V                              ; 2.93e-10 s                 ; 3.01e-10 s                 ; No                        ; No                        ;
+-------------+--------------+---------------------+---------------------+------------------------------+------------------------------+---------------------+---------------------+--------------------------------------+--------------------------------------+-----------------------------+-----------------------------+----------------------------+----------------------------+-----------------------------+-----------------------------+--------------------+--------------------+-------------------------------------+-------------------------------------+----------------------------+----------------------------+---------------------------+---------------------------+


+------------------------------------------------------------------------------------------------------------------------------------------------------------------------------------------------------------------------------------------------------------------------------------------------------------------------------------------------------------------------------------------------------------------------------------------------------------------------------------------------------------------------------------------------------------------------------------------------------------------------------------------------------------------------------------------+
; Signal Integrity Metrics (Fast 1100mv 85c Model)                                                                                                                                                                                                                                                                                                                                                                                                                                                                                                                                                                                                                                         ;
+-------------+--------------+---------------------+---------------------+------------------------------+------------------------------+---------------------+---------------------+--------------------------------------+--------------------------------------+-----------------------------+-----------------------------+----------------------------+----------------------------+-----------------------------+-----------------------------+--------------------+--------------------+-------------------------------------+-------------------------------------+----------------------------+----------------------------+---------------------------+---------------------------+
; Pin         ; I/O Standard ; Board Delay on Rise ; Board Delay on Fall ; Steady State Voh at FPGA Pin ; Steady State Vol at FPGA Pin ; Voh Max at FPGA Pin ; Vol Min at FPGA Pin ; Ringback Voltage on Rise at FPGA Pin ; Ringback Voltage on Fall at FPGA Pin ; 10-90 Rise Time at FPGA Pin ; 90-10 Fall Time at FPGA Pin ; Monotonic Rise at FPGA Pin ; Monotonic Fall at FPGA Pin ; Steady State Voh at Far-end ; Steady State Vol at Far-end ; Voh Max at Far-end ; Vol Min at Far-end ; Ringback Voltage on Rise at Far-end ; Ringback Voltage on Fall at Far-end ; 10-90 Rise Time at Far-end ; 90-10 Fall Time at Far-end ; Monotonic Rise at Far-end ; Monotonic Fall at Far-end ;
+-------------+--------------+---------------------+---------------------+------------------------------+------------------------------+---------------------+---------------------+--------------------------------------+--------------------------------------+-----------------------------+-----------------------------+----------------------------+----------------------------+-----------------------------+-----------------------------+--------------------+--------------------+-------------------------------------+-------------------------------------+----------------------------+----------------------------+---------------------------+---------------------------+
; I2C_SDAT    ; 2.5 V        ; 0 s                 ; 0 s                 ; 2.75 V                       ; 0.000247 V                   ; 2.85 V              ; -0.0711 V           ; 0.204 V                              ; 0.181 V                              ; 4.55e-10 s                  ; 4.49e-10 s                  ; No                         ; No                         ; 2.75 V                      ; 0.000247 V                  ; 2.85 V             ; -0.0711 V          ; 0.204 V                             ; 0.181 V                             ; 4.55e-10 s                 ; 4.49e-10 s                 ; No                        ; No                        ;
; I2C_SCLK    ; 2.5 V        ; 0 s                 ; 0 s                 ; 2.75 V                       ; 0.000213 V                   ; 2.79 V              ; -0.0324 V           ; 0.139 V                              ; 0.119 V                              ; 4.42e-10 s                  ; 4.33e-10 s                  ; No                         ; Yes                        ; 2.75 V                      ; 0.000213 V                  ; 2.79 V             ; -0.0324 V          ; 0.139 V                             ; 0.119 V                             ; 4.42e-10 s                 ; 4.33e-10 s                 ; No                        ; Yes                       ;
; AUD_DACDAT  ; 2.5 V        ; 0 s                 ; 0 s                 ; 2.75 V                       ; 0.000247 V                   ; 2.85 V              ; -0.0711 V           ; 0.204 V                              ; 0.181 V                              ; 4.55e-10 s                  ; 4.49e-10 s                  ; No                         ; No                         ; 2.75 V                      ; 0.000247 V                  ; 2.85 V             ; -0.0711 V          ; 0.204 V                             ; 0.181 V                             ; 4.55e-10 s                 ; 4.49e-10 s                 ; No                        ; No                        ;
; AUD_DACLRCK ; 2.5 V        ; 0 s                 ; 0 s                 ; 2.75 V                       ; 0.000247 V                   ; 2.85 V              ; -0.0711 V           ; 0.204 V                              ; 0.181 V                              ; 4.55e-10 s                  ; 4.49e-10 s                  ; No                         ; No                         ; 2.75 V                      ; 0.000247 V                  ; 2.85 V             ; -0.0711 V          ; 0.204 V                             ; 0.181 V                             ; 4.55e-10 s                 ; 4.49e-10 s                 ; No                        ; No                        ;
; AUD_XCK     ; 2.5 V        ; 0 s                 ; 0 s                 ; 2.75 V                       ; 0.000242 V                   ; 2.86 V              ; -0.0805 V           ; 0.358 V                              ; 0.156 V                              ; 3.01e-10 s                  ; 4.34e-10 s                  ; No                         ; No                         ; 2.75 V                      ; 0.000242 V                  ; 2.86 V             ; -0.0805 V          ; 0.358 V                             ; 0.156 V                             ; 3.01e-10 s                 ; 4.34e-10 s                 ; No                        ; No                        ;
; LED_BLINK   ; 2.5 V        ; 0 s                 ; 0 s                 ; 2.75 V                       ; 0.000247 V                   ; 2.85 V              ; -0.0711 V           ; 0.204 V                              ; 0.181 V                              ; 4.55e-10 s                  ; 4.49e-10 s                  ; No                         ; No                         ; 2.75 V                      ; 0.000247 V                  ; 2.85 V             ; -0.0711 V          ; 0.204 V                             ; 0.181 V                             ; 4.55e-10 s                 ; 4.49e-10 s                 ; No                        ; No                        ;
; LED_R       ; 2.5 V        ; 0 s                 ; 0 s                 ; 2.75 V                       ; 0.000213 V                   ; 2.79 V              ; -0.0324 V           ; 0.139 V                              ; 0.119 V                              ; 4.42e-10 s                  ; 4.33e-10 s                  ; No                         ; Yes                        ; 2.75 V                      ; 0.000213 V                  ; 2.79 V             ; -0.0324 V          ; 0.139 V                             ; 0.119 V                             ; 4.42e-10 s                 ; 4.33e-10 s                 ; No                        ; Yes                       ;
+-------------+--------------+---------------------+---------------------+------------------------------+------------------------------+---------------------+---------------------+--------------------------------------+--------------------------------------+-----------------------------+-----------------------------+----------------------------+----------------------------+-----------------------------+-----------------------------+--------------------+--------------------+-------------------------------------+-------------------------------------+----------------------------+----------------------------+---------------------------+---------------------------+


+-----------------------------------------------------------------------------------------+
; Setup Transfers                                                                         ;
+----------------------+----------------------+----------+----------+----------+----------+
; From Clock           ; To Clock             ; RR Paths ; FR Paths ; RF Paths ; FF Paths ;
+----------------------+----------------------+----------+----------+----------+----------+
; DIV:inst23|temp      ; DIV:inst23|temp      ; 1427     ; 0        ; 0        ; 0        ;
; MSC:inst21|St_CPT    ; DIV:inst23|temp      ; 240      ; 119      ; 0        ; 0        ;
; FREQ_DIV:inst24|temp ; FREQ_DIV:inst24|temp ; 171      ; 0        ; 0        ; 0        ;
; MASTER_CLK           ; FREQ_DIV:inst24|temp ; 15       ; 0        ; 0        ; 0        ;
; DIV:inst23|temp      ; FREQ_DIV:inst26|temp ; 64       ; 0        ; 0        ; 0        ;
; FREQ_DIV:inst26|temp ; FREQ_DIV:inst26|temp ; 629      ; 0        ; 0        ; 0        ;
; MASTER_CLK           ; FREQ_DIV:inst26|temp ; 67       ; 0        ; 0        ; 0        ;
; DIV:inst23|temp      ; I2S:inst22|SIDx2     ; 1        ; 1        ; 0        ; 0        ;
; I2S:inst22|SIDx2     ; I2S:inst22|SIDx2     ; 117      ; 0        ; 0        ; 0        ;
; FREQ_DIV:inst24|temp ; MASTER_CLK           ; 17       ; 1        ; 0        ; 0        ;
; FREQ_DIV:inst26|temp ; MASTER_CLK           ; 1        ; 1        ; 0        ; 0        ;
; MASTER_CLK           ; MASTER_CLK           ; 3138     ; 0        ; 0        ; 0        ;
+----------------------+----------------------+----------+----------+----------+----------+
Entries labeled "false path" only account for clock-to-clock false paths and not path-based false paths. As a result, actual path counts may be lower than reported.


+-----------------------------------------------------------------------------------------+
; Hold Transfers                                                                          ;
+----------------------+----------------------+----------+----------+----------+----------+
; From Clock           ; To Clock             ; RR Paths ; FR Paths ; RF Paths ; FF Paths ;
+----------------------+----------------------+----------+----------+----------+----------+
; DIV:inst23|temp      ; DIV:inst23|temp      ; 1427     ; 0        ; 0        ; 0        ;
; MSC:inst21|St_CPT    ; DIV:inst23|temp      ; 240      ; 119      ; 0        ; 0        ;
; FREQ_DIV:inst24|temp ; FREQ_DIV:inst24|temp ; 171      ; 0        ; 0        ; 0        ;
; MASTER_CLK           ; FREQ_DIV:inst24|temp ; 15       ; 0        ; 0        ; 0        ;
; DIV:inst23|temp      ; FREQ_DIV:inst26|temp ; 64       ; 0        ; 0        ; 0        ;
; FREQ_DIV:inst26|temp ; FREQ_DIV:inst26|temp ; 629      ; 0        ; 0        ; 0        ;
; MASTER_CLK           ; FREQ_DIV:inst26|temp ; 67       ; 0        ; 0        ; 0        ;
; DIV:inst23|temp      ; I2S:inst22|SIDx2     ; 1        ; 1        ; 0        ; 0        ;
; I2S:inst22|SIDx2     ; I2S:inst22|SIDx2     ; 117      ; 0        ; 0        ; 0        ;
; FREQ_DIV:inst24|temp ; MASTER_CLK           ; 17       ; 1        ; 0        ; 0        ;
; FREQ_DIV:inst26|temp ; MASTER_CLK           ; 1        ; 1        ; 0        ; 0        ;
; MASTER_CLK           ; MASTER_CLK           ; 3138     ; 0        ; 0        ; 0        ;
+----------------------+----------------------+----------+----------+----------+----------+
Entries labeled "false path" only account for clock-to-clock false paths and not path-based false paths. As a result, actual path counts may be lower than reported.


+--------------------------------------------------------------------------------------+
; Recovery Transfers                                                                   ;
+-------------------+----------------------+----------+----------+----------+----------+
; From Clock        ; To Clock             ; RR Paths ; FR Paths ; RF Paths ; FF Paths ;
+-------------------+----------------------+----------+----------+----------+----------+
; MASTER_CLK        ; DIV:inst23|temp      ; 32       ; 0        ; 0        ; 0        ;
; MSC:inst21|St_CPT ; DIV:inst23|temp      ; 17       ; 17       ; 0        ; 0        ;
; MASTER_CLK        ; FREQ_DIV:inst24|temp ; 21       ; 0        ; 0        ; 0        ;
; MASTER_CLK        ; FREQ_DIV:inst26|temp ; 17       ; 0        ; 0        ; 0        ;
; MASTER_CLK        ; I2S:inst22|SIDx2     ; 10       ; 0        ; 0        ; 0        ;
; MASTER_CLK        ; MASTER_CLK           ; 87       ; 0        ; 0        ; 0        ;
+-------------------+----------------------+----------+----------+----------+----------+
Entries labeled "false path" only account for clock-to-clock false paths and not path-based false paths. As a result, actual path counts may be lower than reported.


+--------------------------------------------------------------------------------------+
; Removal Transfers                                                                    ;
+-------------------+----------------------+----------+----------+----------+----------+
; From Clock        ; To Clock             ; RR Paths ; FR Paths ; RF Paths ; FF Paths ;
+-------------------+----------------------+----------+----------+----------+----------+
; MASTER_CLK        ; DIV:inst23|temp      ; 32       ; 0        ; 0        ; 0        ;
; MSC:inst21|St_CPT ; DIV:inst23|temp      ; 17       ; 17       ; 0        ; 0        ;
; MASTER_CLK        ; FREQ_DIV:inst24|temp ; 21       ; 0        ; 0        ; 0        ;
; MASTER_CLK        ; FREQ_DIV:inst26|temp ; 17       ; 0        ; 0        ; 0        ;
; MASTER_CLK        ; I2S:inst22|SIDx2     ; 10       ; 0        ; 0        ; 0        ;
; MASTER_CLK        ; MASTER_CLK           ; 87       ; 0        ; 0        ; 0        ;
+-------------------+----------------------+----------+----------+----------+----------+
Entries labeled "false path" only account for clock-to-clock false paths and not path-based false paths. As a result, actual path counts may be lower than reported.


---------------
; Report TCCS ;
---------------
No dedicated SERDES Transmitter circuitry present in device or used in design


---------------
; Report RSKM ;
---------------
No non-DPA dedicated SERDES Receiver circuitry present in device or used in design


+------------------------------------------------+
; Unconstrained Paths Summary                    ;
+---------------------------------+-------+------+
; Property                        ; Setup ; Hold ;
+---------------------------------+-------+------+
; Illegal Clocks                  ; 0     ; 0    ;
; Unconstrained Clocks            ; 0     ; 0    ;
; Unconstrained Input Ports       ; 4     ; 4    ;
; Unconstrained Input Port Paths  ; 78    ; 78   ;
; Unconstrained Output Ports      ; 7     ; 7    ;
; Unconstrained Output Port Paths ; 10    ; 10   ;
+---------------------------------+-------+------+


+------------------------------------------------------------------+
; Clock Status Summary                                             ;
+----------------------+----------------------+------+-------------+
; Target               ; Clock                ; Type ; Status      ;
+----------------------+----------------------+------+-------------+
; DIV:inst23|temp      ; DIV:inst23|temp      ; Base ; Constrained ;
; FREQ_DIV:inst24|temp ; FREQ_DIV:inst24|temp ; Base ; Constrained ;
; FREQ_DIV:inst26|temp ; FREQ_DIV:inst26|temp ; Base ; Constrained ;
; I2S:inst22|SIDx2     ; I2S:inst22|SIDx2     ; Base ; Constrained ;
; MASTER_CLK           ; MASTER_CLK           ; Base ; Constrained ;
; MSC:inst21|St_CPT    ; MSC:inst21|St_CPT    ; Base ; Constrained ;
+----------------------+----------------------+------+-------------+


+---------------------------------------------------------------------------------------------------+
; Unconstrained Input Ports                                                                         ;
+------------+--------------------------------------------------------------------------------------+
; Input Port ; Comment                                                                              ;
+------------+--------------------------------------------------------------------------------------+
; MASTER_CLK ; No input delay, min/max delays, false-path exceptions, or max skew assignments found ;
; MASTER_R   ; No input delay, min/max delays, false-path exceptions, or max skew assignments found ;
; SEL0       ; No input delay, min/max delays, false-path exceptions, or max skew assignments found ;
; SEL1       ; No input delay, min/max delays, false-path exceptions, or max skew assignments found ;
+------------+--------------------------------------------------------------------------------------+


+-----------------------------------------------------------------------------------------------------+
; Unconstrained Output Ports                                                                          ;
+-------------+---------------------------------------------------------------------------------------+
; Output Port ; Comment                                                                               ;
+-------------+---------------------------------------------------------------------------------------+
; AUD_DACDAT  ; No output delay, min/max delays, false-path exceptions, or max skew assignments found ;
; AUD_DACLRCK ; No output delay, min/max delays, false-path exceptions, or max skew assignments found ;
; AUD_XCK     ; No output delay, min/max delays, false-path exceptions, or max skew assignments found ;
; I2C_SCLK    ; No output delay, min/max delays, false-path exceptions, or max skew assignments found ;
; I2C_SDAT    ; No output delay, min/max delays, false-path exceptions, or max skew assignments found ;
; LED_BLINK   ; No output delay, min/max delays, false-path exceptions, or max skew assignments found ;
; LED_R       ; No output delay, min/max delays, false-path exceptions, or max skew assignments found ;
+-------------+---------------------------------------------------------------------------------------+


+---------------------------------------------------------------------------------------------------+
; Unconstrained Input Ports                                                                         ;
+------------+--------------------------------------------------------------------------------------+
; Input Port ; Comment                                                                              ;
+------------+--------------------------------------------------------------------------------------+
; MASTER_CLK ; No input delay, min/max delays, false-path exceptions, or max skew assignments found ;
; MASTER_R   ; No input delay, min/max delays, false-path exceptions, or max skew assignments found ;
; SEL0       ; No input delay, min/max delays, false-path exceptions, or max skew assignments found ;
; SEL1       ; No input delay, min/max delays, false-path exceptions, or max skew assignments found ;
+------------+--------------------------------------------------------------------------------------+


+-----------------------------------------------------------------------------------------------------+
; Unconstrained Output Ports                                                                          ;
+-------------+---------------------------------------------------------------------------------------+
; Output Port ; Comment                                                                               ;
+-------------+---------------------------------------------------------------------------------------+
; AUD_DACDAT  ; No output delay, min/max delays, false-path exceptions, or max skew assignments found ;
; AUD_DACLRCK ; No output delay, min/max delays, false-path exceptions, or max skew assignments found ;
; AUD_XCK     ; No output delay, min/max delays, false-path exceptions, or max skew assignments found ;
; I2C_SCLK    ; No output delay, min/max delays, false-path exceptions, or max skew assignments found ;
; I2C_SDAT    ; No output delay, min/max delays, false-path exceptions, or max skew assignments found ;
; LED_BLINK   ; No output delay, min/max delays, false-path exceptions, or max skew assignments found ;
; LED_R       ; No output delay, min/max delays, false-path exceptions, or max skew assignments found ;
+-------------+---------------------------------------------------------------------------------------+


+--------------------------+
; Timing Analyzer Messages ;
+--------------------------+
Info: *******************************************************************
Info: Running Quartus Prime Timing Analyzer
    Info: Version 18.1.0 Build 625 09/12/2018 SJ Lite Edition
    Info: Processing started: Tue Oct 27 11:53:48 2020
Info: Command: quartus_sta main -c main
Info: qsta_default_script.tcl version: #1
Warning (18236): Number of processors has not been specified which may cause overloading on shared machines.  Set the global assignment NUM_PARALLEL_PROCESSORS in your QSF to an appropriate value for best performance.
Info (20030): Parallel compilation is enabled and will use 4 of the 4 processors detected
Info (21077): Low junction temperature is 0 degrees C
Info (21077): High junction temperature is 85 degrees C
Warning (335093): The Timing Analyzer is analyzing 2 combinational loops as latches. For more details, run the Check Timing command in the Timing Analyzer or view the "User-Specified and Inferred Latches" table in the Analysis & Synthesis report.
Critical Warning (332012): Synopsys Design Constraints File file not found: 'main.sdc'. A Synopsys Design Constraints File is required by the Timing Analyzer to get proper timing constraints. Without it, the Compiler will not properly optimize the design.
Info (332142): No user constrained base clocks found in the design. Calling "derive_clocks -period 1.0"
Info (332105): Deriving Clocks
    Info (332105): create_clock -period 1.000 -name MASTER_CLK MASTER_CLK
    Info (332105): create_clock -period 1.000 -name DIV:inst23|temp DIV:inst23|temp
    Info (332105): create_clock -period 1.000 -name I2S:inst22|SIDx2 I2S:inst22|SIDx2
    Info (332105): create_clock -period 1.000 -name FREQ_DIV:inst26|temp FREQ_DIV:inst26|temp
    Info (332105): create_clock -period 1.000 -name FREQ_DIV:inst24|temp FREQ_DIV:inst24|temp
    Info (332105): create_clock -period 1.000 -name MSC:inst21|St_CPT MSC:inst21|St_CPT
Info (332143): No user constrained clock uncertainty found in the design. Calling "derive_clock_uncertainty"
Info (332123): Deriving Clock Uncertainty. Please refer to report_sdc in the Timing Analyzer to see clock uncertainties.
Info: Found TIMING_ANALYZER_REPORT_SCRIPT_INCLUDE_DEFAULT_ANALYSIS = ON
Info: Analyzing Slow 1100mV 85C Model
Critical Warning (332148): Timing requirements not met
    Info (11105): For recommendations on closing timing, run Report Timing Closure Recommendations in the Timing Analyzer.
Info (332146): Worst-case setup slack is -4.285
    Info (332119):     Slack       End Point TNS Clock 
    Info (332119): ========= =================== =====================
    Info (332119):    -4.285            -206.408 MASTER_CLK 
    Info (332119):    -4.205            -174.794 DIV:inst23|temp 
    Info (332119):    -4.136             -44.144 FREQ_DIV:inst24|temp 
    Info (332119):    -3.649            -262.976 FREQ_DIV:inst26|temp 
    Info (332119):    -2.016             -18.803 I2S:inst22|SIDx2 
Info (332146): Worst-case hold slack is 0.339
    Info (332119):     Slack       End Point TNS Clock 
    Info (332119): ========= =================== =====================
    Info (332119):     0.339               0.000 MASTER_CLK 
    Info (332119):     0.544               0.000 I2S:inst22|SIDx2 
    Info (332119):     0.624               0.000 DIV:inst23|temp 
    Info (332119):     0.677               0.000 FREQ_DIV:inst26|temp 
    Info (332119):     0.761               0.000 FREQ_DIV:inst24|temp 
Info (332146): Worst-case recovery slack is -3.539
    Info (332119):     Slack       End Point TNS Clock 
    Info (332119): ========= =================== =====================
    Info (332119):    -3.539             -71.768 FREQ_DIV:inst24|temp 
    Info (332119):    -3.366            -132.300 DIV:inst23|temp 
    Info (332119):    -3.298             -32.813 I2S:inst22|SIDx2 
    Info (332119):    -3.288             -53.446 FREQ_DIV:inst26|temp 
    Info (332119):    -0.919             -59.205 MASTER_CLK 
Info (332146): Worst-case removal slack is 0.737
    Info (332119):     Slack       End Point TNS Clock 
    Info (332119): ========= =================== =====================
    Info (332119):     0.737               0.000 MASTER_CLK 
    Info (332119):     0.823               0.000 DIV:inst23|temp 
    Info (332119):     2.410               0.000 FREQ_DIV:inst26|temp 
    Info (332119):     2.823               0.000 I2S:inst22|SIDx2 
    Info (332119):     2.903               0.000 FREQ_DIV:inst24|temp 
Info (332146): Worst-case minimum pulse width slack is -0.394
    Info (332119):     Slack       End Point TNS Clock 
    Info (332119): ========= =================== =====================
    Info (332119):    -0.394             -49.511 MASTER_CLK 
    Info (332119):    -0.394             -44.175 FREQ_DIV:inst26|temp 
    Info (332119):    -0.394             -29.871 DIV:inst23|temp 
    Info (332119):    -0.394             -11.138 FREQ_DIV:inst24|temp 
    Info (332119):    -0.394              -5.230 I2S:inst22|SIDx2 
    Info (332119):     0.441               0.000 MSC:inst21|St_CPT 
Info: Analyzing Slow 1100mV 0C Model
Info (334003): Started post-fitting delay annotation
Info (334004): Delay annotation completed successfully
Info (332123): Deriving Clock Uncertainty. Please refer to report_sdc in the Timing Analyzer to see clock uncertainties.
Critical Warning (332148): Timing requirements not met
    Info (11105): For recommendations on closing timing, run Report Timing Closure Recommendations in the Timing Analyzer.
Info (332146): Worst-case setup slack is -4.265
    Info (332119):     Slack       End Point TNS Clock 
    Info (332119): ========= =================== =====================
    Info (332119):    -4.265             -44.224 FREQ_DIV:inst24|temp 
    Info (332119):    -4.170            -198.790 MASTER_CLK 
    Info (332119):    -4.130            -169.980 DIV:inst23|temp 
    Info (332119):    -3.682            -263.782 FREQ_DIV:inst26|temp 
    Info (332119):    -1.967             -18.848 I2S:inst22|SIDx2 
Info (332146): Worst-case hold slack is -0.009
    Info (332119):     Slack       End Point TNS Clock 
    Info (332119): ========= =================== =====================
    Info (332119):    -0.009              -0.009 MASTER_CLK 
    Info (332119):     0.526               0.000 I2S:inst22|SIDx2 
    Info (332119):     0.622               0.000 DIV:inst23|temp 
    Info (332119):     0.677               0.000 FREQ_DIV:inst26|temp 
    Info (332119):     0.762               0.000 FREQ_DIV:inst24|temp 
Info (332146): Worst-case recovery slack is -3.598
    Info (332119):     Slack       End Point TNS Clock 
    Info (332119): ========= =================== =====================
    Info (332119):    -3.598             -73.316 FREQ_DIV:inst24|temp 
    Info (332119):    -3.464            -134.273 DIV:inst23|temp 
    Info (332119):    -3.412             -33.984 I2S:inst22|SIDx2 
    Info (332119):    -3.375             -55.067 FREQ_DIV:inst26|temp 
    Info (332119):    -0.830             -52.814 MASTER_CLK 
Info (332146): Worst-case removal slack is 0.685
    Info (332119):     Slack       End Point TNS Clock 
    Info (332119): ========= =================== =====================
    Info (332119):     0.685               0.000 MASTER_CLK 
    Info (332119):     0.774               0.000 DIV:inst23|temp 
    Info (332119):     2.515               0.000 FREQ_DIV:inst26|temp 
    Info (332119):     2.918               0.000 I2S:inst22|SIDx2 
    Info (332119):     3.029               0.000 FREQ_DIV:inst24|temp 
Info (332146): Worst-case minimum pulse width slack is -0.394
    Info (332119):     Slack       End Point TNS Clock 
    Info (332119): ========= =================== =====================
    Info (332119):    -0.394             -54.577 MASTER_CLK 
    Info (332119):    -0.394             -44.868 FREQ_DIV:inst26|temp 
    Info (332119):    -0.394             -29.116 DIV:inst23|temp 
    Info (332119):    -0.394             -10.951 FREQ_DIV:inst24|temp 
    Info (332119):    -0.394              -5.149 I2S:inst22|SIDx2 
    Info (332119):     0.415               0.000 MSC:inst21|St_CPT 
Info: Analyzing Fast 1100mV 85C Model
Info (334003): Started post-fitting delay annotation
Info (334004): Delay annotation completed successfully
Info (332123): Deriving Clock Uncertainty. Please refer to report_sdc in the Timing Analyzer to see clock uncertainties.
Critical Warning (332148): Timing requirements not met
    Info (11105): For recommendations on closing timing, run Report Timing Closure Recommendations in the Timing Analyzer.
Info (332146): Worst-case setup slack is -2.447
    Info (332119):     Slack       End Point TNS Clock 
    Info (332119): ========= =================== =====================
    Info (332119):    -2.447             -93.283 MASTER_CLK 
    Info (332119):    -2.231             -97.599 DIV:inst23|temp 
    Info (332119):    -1.994             -20.266 FREQ_DIV:inst24|temp 
    Info (332119):    -1.756            -123.845 FREQ_DIV:inst26|temp 
    Info (332119):    -0.923              -7.556 I2S:inst22|SIDx2 
Info (332146): Worst-case hold slack is 0.182
    Info (332119):     Slack       End Point TNS Clock 
    Info (332119): ========= =================== =====================
    Info (332119):     0.182               0.000 MASTER_CLK 
    Info (332119):     0.247               0.000 I2S:inst22|SIDx2 
    Info (332119):     0.341               0.000 DIV:inst23|temp 
    Info (332119):     0.348               0.000 FREQ_DIV:inst26|temp 
    Info (332119):     0.379               0.000 FREQ_DIV:inst24|temp 
Info (332146): Worst-case recovery slack is -1.738
    Info (332119):     Slack       End Point TNS Clock 
    Info (332119): ========= =================== =====================
    Info (332119):    -1.738             -34.584 FREQ_DIV:inst24|temp 
    Info (332119):    -1.698             -71.994 DIV:inst23|temp 
    Info (332119):    -1.560             -24.802 FREQ_DIV:inst26|temp 
    Info (332119):    -1.500             -14.947 I2S:inst22|SIDx2 
    Info (332119):    -0.230              -8.114 MASTER_CLK 
Info (332146): Worst-case removal slack is 0.396
    Info (332119):     Slack       End Point TNS Clock 
    Info (332119): ========= =================== =====================
    Info (332119):     0.396               0.000 MASTER_CLK 
    Info (332119):     0.497               0.000 DIV:inst23|temp 
    Info (332119):     1.244               0.000 FREQ_DIV:inst26|temp 
    Info (332119):     1.422               0.000 I2S:inst22|SIDx2 
    Info (332119):     1.511               0.000 FREQ_DIV:inst24|temp 
Info (332146): Worst-case minimum pulse width slack is -0.085
    Info (332119):     Slack       End Point TNS Clock 
    Info (332119): ========= =================== =====================
    Info (332119):    -0.085              -7.367 MASTER_CLK 
    Info (332119):    -0.065              -1.002 DIV:inst23|temp 
    Info (332119):     0.047               0.000 FREQ_DIV:inst26|temp 
    Info (332119):     0.073               0.000 FREQ_DIV:inst24|temp 
    Info (332119):     0.139               0.000 I2S:inst22|SIDx2 
    Info (332119):     0.447               0.000 MSC:inst21|St_CPT 
Info: Analyzing Fast 1100mV 0C Model
Info (332123): Deriving Clock Uncertainty. Please refer to report_sdc in the Timing Analyzer to see clock uncertainties.
Critical Warning (332148): Timing requirements not met
    Info (11105): For recommendations on closing timing, run Report Timing Closure Recommendations in the Timing Analyzer.
Info (332146): Worst-case setup slack is -2.024
    Info (332119):     Slack       End Point TNS Clock 
    Info (332119): ========= =================== =====================
    Info (332119):    -2.024             -74.714 MASTER_CLK 
    Info (332119):    -1.958             -84.358 DIV:inst23|temp 
    Info (332119):    -1.919             -17.898 FREQ_DIV:inst24|temp 
    Info (332119):    -1.665            -116.575 FREQ_DIV:inst26|temp 
    Info (332119):    -0.843              -6.770 I2S:inst22|SIDx2 
Info (332146): Worst-case hold slack is -0.008
    Info (332119):     Slack       End Point TNS Clock 
    Info (332119): ========= =================== =====================
    Info (332119):    -0.008              -0.008 MASTER_CLK 
    Info (332119):     0.217               0.000 I2S:inst22|SIDx2 
    Info (332119):     0.313               0.000 FREQ_DIV:inst26|temp 
    Info (332119):     0.317               0.000 DIV:inst23|temp 
    Info (332119):     0.346               0.000 FREQ_DIV:inst24|temp 
Info (332146): Worst-case recovery slack is -1.647
    Info (332119):     Slack       End Point TNS Clock 
    Info (332119): ========= =================== =====================
    Info (332119):    -1.647             -33.048 FREQ_DIV:inst24|temp 
    Info (332119):    -1.619             -66.442 DIV:inst23|temp 
    Info (332119):    -1.494             -23.959 FREQ_DIV:inst26|temp 
    Info (332119):    -1.475             -14.702 I2S:inst22|SIDx2 
    Info (332119):    -0.103              -1.973 MASTER_CLK 
Info (332146): Worst-case removal slack is 0.357
    Info (332119):     Slack       End Point TNS Clock 
    Info (332119): ========= =================== =====================
    Info (332119):     0.357               0.000 MASTER_CLK 
    Info (332119):     0.399               0.000 DIV:inst23|temp 
    Info (332119):     1.245               0.000 FREQ_DIV:inst26|temp 
    Info (332119):     1.404               0.000 I2S:inst22|SIDx2 
    Info (332119):     1.501               0.000 FREQ_DIV:inst24|temp 
Info (332146): Worst-case minimum pulse width slack is -0.086
    Info (332119):     Slack       End Point TNS Clock 
    Info (332119): ========= =================== =====================
    Info (332119):    -0.086              -7.617 MASTER_CLK 
    Info (332119):    -0.009              -0.024 DIV:inst23|temp 
    Info (332119):     0.067               0.000 FREQ_DIV:inst26|temp 
    Info (332119):     0.099               0.000 FREQ_DIV:inst24|temp 
    Info (332119):     0.148               0.000 I2S:inst22|SIDx2 
    Info (332119):     0.455               0.000 MSC:inst21|St_CPT 
Info (332102): Design is not fully constrained for setup requirements
Info (332102): Design is not fully constrained for hold requirements
Info: Quartus Prime Timing Analyzer was successful. 0 errors, 7 warnings
    Info: Peak virtual memory: 5125 megabytes
    Info: Processing ended: Tue Oct 27 11:53:57 2020
    Info: Elapsed time: 00:00:09
    Info: Total CPU time (on all processors): 00:00:09


